[debug] [2020-05-28T13:14:28.449Z] ----------------------------------------------------------------------
[debug] [2020-05-28T13:14:28.451Z] Command:       /usr/local/bin/node /usr/local/bin/firebase deploy --only functions
[debug] [2020-05-28T13:14:28.452Z] CLI Version:   8.1.1
[debug] [2020-05-28T13:14:28.452Z] Platform:      darwin
[debug] [2020-05-28T13:14:28.452Z] Node Version:  v12.0.0
[debug] [2020-05-28T13:14:28.457Z] Time:          Thu May 28 2020 15:14:28 GMT+0200 (South Africa Standard Time)
[debug] [2020-05-28T13:14:28.457Z] ----------------------------------------------------------------------
[debug] [2020-05-28T13:14:28.457Z] 
[debug] [2020-05-28T13:14:28.474Z] > command requires scopes: ["email","openid","https://www.googleapis.com/auth/cloudplatformprojects.readonly","https://www.googleapis.com/auth/firebase","https://www.googleapis.com/auth/cloud-platform"]
[debug] [2020-05-28T13:14:28.475Z] > authorizing via signed-in user
[debug] [2020-05-28T13:14:28.475Z] [iam] checking project crypto-trading-bot-8b09c for permissions ["cloudfunctions.functions.create","cloudfunctions.functions.delete","cloudfunctions.functions.get","cloudfunctions.functions.list","cloudfunctions.functions.update","cloudfunctions.operations.get","firebase.projects.get"]
[debug] [2020-05-28T13:14:28.479Z] > refreshing access token with scopes: ["email","https://www.googleapis.com/auth/cloud-platform","https://www.googleapis.com/auth/cloudplatformprojects.readonly","https://www.googleapis.com/auth/firebase","openid"]
[debug] [2020-05-28T13:14:28.479Z] >>> HTTP REQUEST POST https://www.googleapis.com/oauth2/v3/token  
 <request body omitted>
[debug] [2020-05-28T13:14:28.968Z] <<< HTTP RESPONSE 200 {"content-type":"application/json; charset=utf-8","vary":"X-Origin, Referer, Origin,Accept-Encoding","date":"Thu, 28 May 2020 13:14:28 GMT","server":"scaffolding on HTTPServer2","cache-control":"private","x-xss-protection":"0","x-frame-options":"SAMEORIGIN","x-content-type-options":"nosniff","alt-svc":"h3-27=\":443\"; ma=2592000,h3-25=\":443\"; ma=2592000,h3-T050=\":443\"; ma=2592000,h3-Q050=\":443\"; ma=2592000,h3-Q049=\":443\"; ma=2592000,h3-Q048=\":443\"; ma=2592000,h3-Q046=\":443\"; ma=2592000,h3-Q043=\":443\"; ma=2592000,quic=\":443\"; ma=2592000; v=\"46,43\"","accept-ranges":"none","transfer-encoding":"chunked"}
[debug] [2020-05-28T13:14:28.991Z] >>> HTTP REQUEST POST https://cloudresourcemanager.googleapis.com/v1/projects/crypto-trading-bot-8b09c:testIamPermissions  
 {"permissions":["cloudfunctions.functions.create","cloudfunctions.functions.delete","cloudfunctions.functions.get","cloudfunctions.functions.list","cloudfunctions.functions.update","cloudfunctions.operations.get","firebase.projects.get"]}
[debug] [2020-05-28T13:14:31.057Z] <<< HTTP RESPONSE 200 {"content-type":"application/json; charset=UTF-8","vary":"X-Origin, Referer, Origin,Accept-Encoding","date":"Thu, 28 May 2020 13:14:30 GMT","server":"ESF","cache-control":"private","x-xss-protection":"0","x-frame-options":"SAMEORIGIN","x-content-type-options":"nosniff","server-timing":"gfet4t7; dur=1522","alt-svc":"h3-27=\":443\"; ma=2592000,h3-25=\":443\"; ma=2592000,h3-T050=\":443\"; ma=2592000,h3-Q050=\":443\"; ma=2592000,h3-Q049=\":443\"; ma=2592000,h3-Q048=\":443\"; ma=2592000,h3-Q046=\":443\"; ma=2592000,h3-Q043=\":443\"; ma=2592000,quic=\":443\"; ma=2592000; v=\"46,43\"","accept-ranges":"none","transfer-encoding":"chunked"}
[debug] [2020-05-28T13:14:31.059Z] >>> HTTP REQUEST POST https://iam.googleapis.com/v1/projects/crypto-trading-bot-8b09c/serviceAccounts/crypto-trading-bot-8b09c@appspot.gserviceaccount.com:testIamPermissions  
 {"permissions":["iam.serviceAccounts.actAs"]}
[debug] [2020-05-28T13:14:33.031Z] <<< HTTP RESPONSE 200 {"content-type":"application/json; charset=UTF-8","vary":"X-Origin, Referer, Origin,Accept-Encoding","date":"Thu, 28 May 2020 13:14:32 GMT","server":"ESF","cache-control":"private","x-xss-protection":"0","x-frame-options":"SAMEORIGIN","x-content-type-options":"nosniff","alt-svc":"h3-27=\":443\"; ma=2592000,h3-25=\":443\"; ma=2592000,h3-T050=\":443\"; ma=2592000,h3-Q050=\":443\"; ma=2592000,h3-Q049=\":443\"; ma=2592000,h3-Q048=\":443\"; ma=2592000,h3-Q046=\":443\"; ma=2592000,h3-Q043=\":443\"; ma=2592000,quic=\":443\"; ma=2592000; v=\"46,43\"","accept-ranges":"none","transfer-encoding":"chunked"}
[info] 
[info] === Deploying to 'crypto-trading-bot-8b09c'...
[info] 
[info] i  deploying functions
[info] Running command: npm --prefix "$RESOURCE_DIR" run lint
[info] ✔  functions: Finished running predeploy script.
[debug] [2020-05-28T13:14:36.896Z] > [functions] package.json contents: {
  "name": "functions",
  "description": "Cloud Functions for Firebase",
  "scripts": {
    "lint": "eslint .",
    "serve": "firebase emulators:start --only functions",
    "shell": "firebase functions:shell",
    "start": "npm run shell",
    "emulate": "firebase emulators:start --only functions",
    "deploy": "firebase deploy --only functions",
    "logs": "firebase functions:log"
  },
  "engines": {
    "node": "8"
  },
  "dependencies": {
    "axios": "^0.19.2",
    "firebase-admin": "^8.10.0",
    "firebase-functions": "^3.6.0",
    "lodash": "^4.17.15",
    "moment": "^2.25.3"
  },
  "devDependencies": {
    "eslint": "^5.12.0",
    "eslint-plugin-promise": "^4.0.1",
    "firebase-functions-test": "^0.2.0"
  },
  "private": true
}
[info] i  functions: ensuring required API cloudfunctions.googleapis.com is enabled...
[debug] [2020-05-28T13:14:38.051Z] [functions] runtime dependency check dates: warning: 2020-05-21T00:00:00.000Z error: 2020-06-23T00:00:00.000Z
[debug] [2020-05-28T13:14:38.051Z] >>> HTTP REQUEST GET https://serviceusage.googleapis.com/v1/projects/crypto-trading-bot-8b09c/services/cloudfunctions.googleapis.com  
 
[debug] [2020-05-28T13:14:38.052Z] >>> HTTP REQUEST GET https://serviceusage.googleapis.com/v1/projects/crypto-trading-bot-8b09c/services/runtimeconfig.googleapis.com  
 
[debug] [2020-05-28T13:14:40.171Z] <<< HTTP RESPONSE 200 {"content-type":"application/json; charset=UTF-8","vary":"X-Origin, Referer, Origin,Accept-Encoding","date":"Thu, 28 May 2020 13:14:40 GMT","server":"ESF","cache-control":"private","x-xss-protection":"0","x-frame-options":"SAMEORIGIN","x-content-type-options":"nosniff","alt-svc":"h3-27=\":443\"; ma=2592000,h3-25=\":443\"; ma=2592000,h3-T050=\":443\"; ma=2592000,h3-Q050=\":443\"; ma=2592000,h3-Q049=\":443\"; ma=2592000,h3-Q048=\":443\"; ma=2592000,h3-Q046=\":443\"; ma=2592000,h3-Q043=\":443\"; ma=2592000,quic=\":443\"; ma=2592000; v=\"46,43\"","accept-ranges":"none","transfer-encoding":"chunked"}
[debug] [2020-05-28T13:14:40.214Z] <<< HTTP RESPONSE 200 {"content-type":"application/json; charset=UTF-8","vary":"X-Origin, Referer, Origin,Accept-Encoding","date":"Thu, 28 May 2020 13:14:40 GMT","server":"ESF","cache-control":"private","x-xss-protection":"0","x-frame-options":"SAMEORIGIN","x-content-type-options":"nosniff","alt-svc":"h3-27=\":443\"; ma=2592000,h3-25=\":443\"; ma=2592000,h3-T050=\":443\"; ma=2592000,h3-Q050=\":443\"; ma=2592000,h3-Q049=\":443\"; ma=2592000,h3-Q048=\":443\"; ma=2592000,h3-Q046=\":443\"; ma=2592000,h3-Q043=\":443\"; ma=2592000,quic=\":443\"; ma=2592000; v=\"46,43\"","accept-ranges":"none","transfer-encoding":"chunked"}
[info] ✔  functions: required API cloudfunctions.googleapis.com is enabled
[debug] [2020-05-28T13:14:40.215Z] >>> HTTP REQUEST GET https://firebase.googleapis.com/v1beta1/projects/crypto-trading-bot-8b09c/adminSdkConfig  
 
[debug] [2020-05-28T13:14:40.980Z] <<< HTTP RESPONSE 200 {"content-type":"application/json; charset=UTF-8","vary":"X-Origin, Referer, Origin,Accept-Encoding","date":"Thu, 28 May 2020 13:14:40 GMT","server":"ESF","cache-control":"private","x-xss-protection":"0","x-frame-options":"SAMEORIGIN","x-content-type-options":"nosniff","alt-svc":"h3-27=\":443\"; ma=2592000,h3-25=\":443\"; ma=2592000,h3-T050=\":443\"; ma=2592000,h3-Q050=\":443\"; ma=2592000,h3-Q049=\":443\"; ma=2592000,h3-Q048=\":443\"; ma=2592000,h3-Q046=\":443\"; ma=2592000,h3-Q043=\":443\"; ma=2592000,quic=\":443\"; ma=2592000; v=\"46,43\"","accept-ranges":"none","transfer-encoding":"chunked"}
[info] i  functions: preparing functions directory for uploading...
[debug] [2020-05-28T13:14:40.983Z] >>> HTTP REQUEST GET https://runtimeconfig.googleapis.com/v1beta1/projects/crypto-trading-bot-8b09c/configs  
 
[debug] [2020-05-28T13:14:41.763Z] <<< HTTP RESPONSE 200 {"content-type":"application/json; charset=UTF-8","vary":"X-Origin, Referer, Origin,Accept-Encoding","date":"Thu, 28 May 2020 13:14:41 GMT","server":"ESF","cache-control":"private","x-xss-protection":"0","x-frame-options":"SAMEORIGIN","x-content-type-options":"nosniff","alt-svc":"h3-27=\":443\"; ma=2592000,h3-25=\":443\"; ma=2592000,h3-T050=\":443\"; ma=2592000,h3-Q050=\":443\"; ma=2592000,h3-Q049=\":443\"; ma=2592000,h3-Q048=\":443\"; ma=2592000,h3-Q046=\":443\"; ma=2592000,h3-Q043=\":443\"; ma=2592000,quic=\":443\"; ma=2592000; v=\"46,43\"","accept-ranges":"none","transfer-encoding":"chunked"}
[info] i  functions: packaged functions (43.59 KB) for uploading
[debug] [2020-05-28T13:14:41.942Z] >>> HTTP REQUEST GET https://cloudfunctions.googleapis.com/v1/projects/crypto-trading-bot-8b09c/locations/-/functions  
 
[debug] [2020-05-28T13:14:42.945Z] <<< HTTP RESPONSE 200 {"content-type":"application/json; charset=UTF-8","vary":"X-Origin, Referer, Origin,Accept-Encoding","date":"Thu, 28 May 2020 13:14:42 GMT","server":"ESF","cache-control":"private","x-xss-protection":"0","x-frame-options":"SAMEORIGIN","x-content-type-options":"nosniff","alt-svc":"h3-27=\":443\"; ma=2592000,h3-25=\":443\"; ma=2592000,h3-T050=\":443\"; ma=2592000,h3-Q050=\":443\"; ma=2592000,h3-Q049=\":443\"; ma=2592000,h3-Q048=\":443\"; ma=2592000,h3-Q046=\":443\"; ma=2592000,h3-Q043=\":443\"; ma=2592000,quic=\":443\"; ma=2592000; v=\"46,43\"","accept-ranges":"none","transfer-encoding":"chunked"}
[debug] [2020-05-28T13:14:42.949Z] >>> HTTP REQUEST POST https://cloudfunctions.googleapis.com/v1/projects/crypto-trading-bot-8b09c/locations/us-central1/functions:generateUploadUrl  
 
[debug] [2020-05-28T13:14:43.753Z] <<< HTTP RESPONSE 200 {"content-type":"application/json; charset=UTF-8","vary":"X-Origin, Referer, Origin,Accept-Encoding","date":"Thu, 28 May 2020 13:14:43 GMT","server":"ESF","cache-control":"private","x-xss-protection":"0","x-frame-options":"SAMEORIGIN","x-content-type-options":"nosniff","alt-svc":"h3-27=\":443\"; ma=2592000,h3-25=\":443\"; ma=2592000,h3-T050=\":443\"; ma=2592000,h3-Q050=\":443\"; ma=2592000,h3-Q049=\":443\"; ma=2592000,h3-Q048=\":443\"; ma=2592000,h3-Q046=\":443\"; ma=2592000,h3-Q043=\":443\"; ma=2592000,quic=\":443\"; ma=2592000; v=\"46,43\"","accept-ranges":"none","transfer-encoding":"chunked"}
[debug] [2020-05-28T13:14:43.754Z] >>> HTTP REQUEST PUT https://storage.googleapis.com/gcf-upload-us-central1-d694f648-7416-4d07-aeac-127f6133e4c5/6e6a4d8e-dc93-4d56-ad64-5f1ff0ff7bee.zip?GoogleAccessId=service-440305573900@gcf-admin-robot.iam.gserviceaccount.com&Expires=1590673483&Signature=bvDLXSK1PaVaqSNrjxH6SxWVFnlwWAK8%2BoXwEiecVamZKCX8BOHIIV37PpNKOM4SDy9Na8mJf1h%2FvVIXrTUQEQ48MezcmE6%2BriVJ4MKU6DbTt%2FifKnccq%2F%2FsGk6fyQgJKeVCZSKENa%2FRyopQL3FDw7fDC4CYyYU5L%2BUSgKR4zLn6yz4ewDW5Y6B9wKPfUUv%2BwKKgU%2BI%2BZBFh30GaqfRUW4tvO1qKh4MsLhG%2B0D78PnkT3oOGPzqRxKpLSB%2BLq0Z%2FKMqC2hA%2BLHaNqjz3T7c3doGUi8c4SwDQd0pzfX6h549RhqZddC%2BGIzKxIlVC193CBlQ8VO8Qvo2uiAM4enSxMQ%3D%3D  
 <request body omitted>
[debug] [2020-05-28T13:14:44.675Z] <<< HTTP RESPONSE 200 {"x-guploader-uploadid":"AAANsUmcEBMAUah0vrrIvGgGa6STlT2IPm7Y9x3hiTGv42gYarOjA9SdxDkGSfaWC5aZcwAusHL5cIdHMBk66vHkuxo","etag":"\"2d31a373bf39189e9e94dd0a89b01f38\"","x-goog-generation":"1590671684448963","x-goog-metageneration":"1","x-goog-hash":"crc32c=IcV/mg==, md5=LTGjc785GJ6elN0KibAfOA==","x-goog-stored-content-length":"44636","x-goog-stored-content-encoding":"identity","vary":"Origin","content-length":"0","date":"Thu, 28 May 2020 13:14:44 GMT","server":"UploadServer","content-type":"text/html; charset=UTF-8","alt-svc":"h3-27=\":443\"; ma=2592000,h3-25=\":443\"; ma=2592000,h3-T050=\":443\"; ma=2592000,h3-Q050=\":443\"; ma=2592000,h3-Q049=\":443\"; ma=2592000,h3-Q048=\":443\"; ma=2592000,h3-Q046=\":443\"; ma=2592000,h3-Q043=\":443\"; ma=2592000,quic=\":443\"; ma=2592000; v=\"46,43\""}
[info] ✔  functions: functions folder uploaded successfully
[info] i  functions: updating Node.js 8 function tick(us-central1)...
[debug] [2020-05-28T13:14:44.681Z] Trigger is:  {"eventTrigger":{"resource":"projects/crypto-trading-bot-8b09c/topics/firebase-schedule-tick-us-central1","eventType":"google.pubsub.topic.publish","service":"pubsub.googleapis.com"}}
[info] i  functions: updating Node.js 8 function cleanup(us-central1)...
[debug] [2020-05-28T13:14:44.681Z] Trigger is:  {"eventTrigger":{"resource":"projects/crypto-trading-bot-8b09c/topics/firebase-schedule-cleanup-us-central1","eventType":"google.pubsub.topic.publish","service":"pubsub.googleapis.com"}}
[info] i  scheduler: ensuring required API cloudscheduler.googleapis.com is enabled...
[info] i  pubsub: ensuring required API pubsub.googleapis.com is enabled...
[debug] [2020-05-28T13:14:44.683Z] >>> HTTP REQUEST GET https://serviceusage.googleapis.com/v1/projects/crypto-trading-bot-8b09c/services/cloudscheduler.googleapis.com  
 
[debug] [2020-05-28T13:14:44.683Z] >>> HTTP REQUEST GET https://serviceusage.googleapis.com/v1/projects/crypto-trading-bot-8b09c/services/pubsub.googleapis.com  
 
[debug] [2020-05-28T13:14:47.646Z] <<< HTTP RESPONSE 200 {"content-type":"application/json; charset=UTF-8","vary":"X-Origin, Referer, Origin,Accept-Encoding","date":"Thu, 28 May 2020 13:14:47 GMT","server":"ESF","cache-control":"private","x-xss-protection":"0","x-frame-options":"SAMEORIGIN","x-content-type-options":"nosniff","alt-svc":"h3-27=\":443\"; ma=2592000,h3-25=\":443\"; ma=2592000,h3-T050=\":443\"; ma=2592000,h3-Q050=\":443\"; ma=2592000,h3-Q049=\":443\"; ma=2592000,h3-Q048=\":443\"; ma=2592000,h3-Q046=\":443\"; ma=2592000,h3-Q043=\":443\"; ma=2592000,quic=\":443\"; ma=2592000; v=\"46,43\"","accept-ranges":"none","transfer-encoding":"chunked"}
[info] ✔  scheduler: required API cloudscheduler.googleapis.com is enabled
[debug] [2020-05-28T13:14:47.671Z] <<< HTTP RESPONSE 200 {"content-type":"application/json; charset=UTF-8","vary":"X-Origin, Referer, Origin,Accept-Encoding","date":"Thu, 28 May 2020 13:14:47 GMT","server":"ESF","cache-control":"private","x-xss-protection":"0","x-frame-options":"SAMEORIGIN","x-content-type-options":"nosniff","alt-svc":"h3-27=\":443\"; ma=2592000,h3-25=\":443\"; ma=2592000,h3-T050=\":443\"; ma=2592000,h3-Q050=\":443\"; ma=2592000,h3-Q049=\":443\"; ma=2592000,h3-Q048=\":443\"; ma=2592000,h3-Q046=\":443\"; ma=2592000,h3-Q043=\":443\"; ma=2592000,quic=\":443\"; ma=2592000; v=\"46,43\"","accept-ranges":"none","transfer-encoding":"chunked"}
[info] ✔  pubsub: required API pubsub.googleapis.com is enabled
[debug] [2020-05-28T13:14:47.672Z] >>> HTTP REQUEST GET https://cloudscheduler.googleapis.com/v1beta1/projects/crypto-trading-bot-8b09c/locations/europe-west1/jobs/firebase-schedule-tick-us-central1  
 
[debug] [2020-05-28T13:14:48.322Z] <<< HTTP RESPONSE 200 {"content-type":"application/json; charset=UTF-8","vary":"X-Origin, Referer, Origin,Accept-Encoding","date":"Thu, 28 May 2020 13:14:48 GMT","server":"ESF","cache-control":"private","x-xss-protection":"0","x-frame-options":"SAMEORIGIN","x-content-type-options":"nosniff","alt-svc":"h3-27=\":443\"; ma=2592000,h3-25=\":443\"; ma=2592000,h3-T050=\":443\"; ma=2592000,h3-Q050=\":443\"; ma=2592000,h3-Q049=\":443\"; ma=2592000,h3-Q048=\":443\"; ma=2592000,h3-Q046=\":443\"; ma=2592000,h3-Q043=\":443\"; ma=2592000,quic=\":443\"; ma=2592000; v=\"46,43\"","accept-ranges":"none","transfer-encoding":"chunked"}
[info] i  functions: scheduler job firebase-schedule-tick-us-central1 is up to date, no changes required
[debug] [2020-05-28T13:14:48.324Z] >>> HTTP REQUEST GET https://cloudscheduler.googleapis.com/v1beta1/projects/crypto-trading-bot-8b09c/locations/europe-west1/jobs/firebase-schedule-cleanup-us-central1  
 
[debug] [2020-05-28T13:14:48.595Z] <<< HTTP RESPONSE 200 {"content-type":"application/json; charset=UTF-8","vary":"X-Origin, Referer, Origin,Accept-Encoding","date":"Thu, 28 May 2020 13:14:48 GMT","server":"ESF","cache-control":"private","x-xss-protection":"0","x-frame-options":"SAMEORIGIN","x-content-type-options":"nosniff","alt-svc":"h3-27=\":443\"; ma=2592000,h3-25=\":443\"; ma=2592000,h3-T050=\":443\"; ma=2592000,h3-Q050=\":443\"; ma=2592000,h3-Q049=\":443\"; ma=2592000,h3-Q048=\":443\"; ma=2592000,h3-Q046=\":443\"; ma=2592000,h3-Q043=\":443\"; ma=2592000,quic=\":443\"; ma=2592000; v=\"46,43\"","accept-ranges":"none","transfer-encoding":"chunked"}
[info] i  functions: scheduler job firebase-schedule-cleanup-us-central1 is up to date, no changes required
[debug] [2020-05-28T13:14:48.597Z] >>> HTTP REQUEST PATCH https://cloudfunctions.googleapis.com/v1/projects/crypto-trading-bot-8b09c/locations/us-central1/functions/tick {"updateMask":"sourceUploadUrl,name,labels,runtime,eventTrigger.resource,eventTrigger.eventType,eventTrigger.service"} 
 {"sourceUploadUrl":"https://storage.googleapis.com/gcf-upload-us-central1-d694f648-7416-4d07-aeac-127f6133e4c5/6e6a4d8e-dc93-4d56-ad64-5f1ff0ff7bee.zip?GoogleAccessId=service-440305573900@gcf-admin-robot.iam.gserviceaccount.com&Expires=1590673483&Signature=bvDLXSK1PaVaqSNrjxH6SxWVFnlwWAK8%2BoXwEiecVamZKCX8BOHIIV37PpNKOM4SDy9Na8mJf1h%2FvVIXrTUQEQ48MezcmE6%2BriVJ4MKU6DbTt%2FifKnccq%2F%2FsGk6fyQgJKeVCZSKENa%2FRyopQL3FDw7fDC4CYyYU5L%2BUSgKR4zLn6yz4ewDW5Y6B9wKPfUUv%2BwKKgU%2BI%2BZBFh30GaqfRUW4tvO1qKh4MsLhG%2B0D78PnkT3oOGPzqRxKpLSB%2BLq0Z%2FKMqC2hA%2BLHaNqjz3T7c3doGUi8c4SwDQd0pzfX6h549RhqZddC%2BGIzKxIlVC193CBlQ8VO8Qvo2uiAM4enSxMQ%3D%3D","name":"projects/crypto-trading-bot-8b09c/locations/us-central1/functions/tick","labels":{"deployment-tool":"cli-firebase","deployment-scheduled":"true"},"eventTrigger":{"resource":"projects/crypto-trading-bot-8b09c/topics/firebase-schedule-tick-us-central1","eventType":"google.pubsub.topic.publish","service":"pubsub.googleapis.com"},"runtime":"nodejs8"}
[debug] [2020-05-28T13:14:48.598Z] >>> HTTP REQUEST PATCH https://cloudfunctions.googleapis.com/v1/projects/crypto-trading-bot-8b09c/locations/us-central1/functions/cleanup {"updateMask":"sourceUploadUrl,name,labels,runtime,eventTrigger.resource,eventTrigger.eventType,eventTrigger.service"} 
 {"sourceUploadUrl":"https://storage.googleapis.com/gcf-upload-us-central1-d694f648-7416-4d07-aeac-127f6133e4c5/6e6a4d8e-dc93-4d56-ad64-5f1ff0ff7bee.zip?GoogleAccessId=service-440305573900@gcf-admin-robot.iam.gserviceaccount.com&Expires=1590673483&Signature=bvDLXSK1PaVaqSNrjxH6SxWVFnlwWAK8%2BoXwEiecVamZKCX8BOHIIV37PpNKOM4SDy9Na8mJf1h%2FvVIXrTUQEQ48MezcmE6%2BriVJ4MKU6DbTt%2FifKnccq%2F%2FsGk6fyQgJKeVCZSKENa%2FRyopQL3FDw7fDC4CYyYU5L%2BUSgKR4zLn6yz4ewDW5Y6B9wKPfUUv%2BwKKgU%2BI%2BZBFh30GaqfRUW4tvO1qKh4MsLhG%2B0D78PnkT3oOGPzqRxKpLSB%2BLq0Z%2FKMqC2hA%2BLHaNqjz3T7c3doGUi8c4SwDQd0pzfX6h549RhqZddC%2BGIzKxIlVC193CBlQ8VO8Qvo2uiAM4enSxMQ%3D%3D","name":"projects/crypto-trading-bot-8b09c/locations/us-central1/functions/cleanup","labels":{"deployment-tool":"cli-firebase","deployment-scheduled":"true"},"eventTrigger":{"resource":"projects/crypto-trading-bot-8b09c/topics/firebase-schedule-cleanup-us-central1","eventType":"google.pubsub.topic.publish","service":"pubsub.googleapis.com"},"runtime":"nodejs8"}
[debug] [2020-05-28T13:14:49.385Z] <<< HTTP RESPONSE 200 {"content-type":"application/json; charset=UTF-8","vary":"X-Origin, Referer, Origin,Accept-Encoding","date":"Thu, 28 May 2020 13:14:49 GMT","server":"ESF","cache-control":"private","x-xss-protection":"0","x-frame-options":"SAMEORIGIN","x-content-type-options":"nosniff","alt-svc":"h3-27=\":443\"; ma=2592000,h3-25=\":443\"; ma=2592000,h3-T050=\":443\"; ma=2592000,h3-Q050=\":443\"; ma=2592000,h3-Q049=\":443\"; ma=2592000,h3-Q048=\":443\"; ma=2592000,h3-Q046=\":443\"; ma=2592000,h3-Q043=\":443\"; ma=2592000,quic=\":443\"; ma=2592000; v=\"46,43\"","accept-ranges":"none","transfer-encoding":"chunked"}
[debug] [2020-05-28T13:14:49.388Z] <<< HTTP RESPONSE 200 {"content-type":"application/json; charset=UTF-8","vary":"X-Origin, Referer, Origin,Accept-Encoding","date":"Thu, 28 May 2020 13:14:49 GMT","server":"ESF","cache-control":"private","x-xss-protection":"0","x-frame-options":"SAMEORIGIN","x-content-type-options":"nosniff","alt-svc":"h3-27=\":443\"; ma=2592000,h3-25=\":443\"; ma=2592000,h3-T050=\":443\"; ma=2592000,h3-Q050=\":443\"; ma=2592000,h3-Q049=\":443\"; ma=2592000,h3-Q048=\":443\"; ma=2592000,h3-Q046=\":443\"; ma=2592000,h3-Q043=\":443\"; ma=2592000,quic=\":443\"; ma=2592000; v=\"46,43\"","accept-ranges":"none","transfer-encoding":"chunked"}
[debug] [2020-05-28T13:14:49.390Z] >>> HTTP REQUEST GET https://cloudfunctions.googleapis.com/v1/operations/Y3J5cHRvLXRyYWRpbmctYm90LThiMDljL3VzLWNlbnRyYWwxL3RpY2svamVvbURwei1LRDA  
 
[debug] [2020-05-28T13:14:49.390Z] >>> HTTP REQUEST GET https://cloudfunctions.googleapis.com/v1/operations/Y3J5cHRvLXRyYWRpbmctYm90LThiMDljL3VzLWNlbnRyYWwxL2NsZWFudXAvWWV0clRyTXBOTTA  
 
[debug] [2020-05-28T13:14:49.896Z] <<< HTTP RESPONSE 200 {"content-type":"application/json; charset=UTF-8","vary":"X-Origin, Referer, Origin,Accept-Encoding","date":"Thu, 28 May 2020 13:14:49 GMT","server":"ESF","cache-control":"private","x-xss-protection":"0","x-frame-options":"SAMEORIGIN","x-content-type-options":"nosniff","alt-svc":"h3-27=\":443\"; ma=2592000,h3-25=\":443\"; ma=2592000,h3-T050=\":443\"; ma=2592000,h3-Q050=\":443\"; ma=2592000,h3-Q049=\":443\"; ma=2592000,h3-Q048=\":443\"; ma=2592000,h3-Q046=\":443\"; ma=2592000,h3-Q043=\":443\"; ma=2592000,quic=\":443\"; ma=2592000; v=\"46,43\"","accept-ranges":"none","transfer-encoding":"chunked"}
[debug] [2020-05-28T13:14:49.898Z] <<< HTTP RESPONSE 200 {"content-type":"application/json; charset=UTF-8","vary":"X-Origin, Referer, Origin,Accept-Encoding","date":"Thu, 28 May 2020 13:14:49 GMT","server":"ESF","cache-control":"private","x-xss-protection":"0","x-frame-options":"SAMEORIGIN","x-content-type-options":"nosniff","alt-svc":"h3-27=\":443\"; ma=2592000,h3-25=\":443\"; ma=2592000,h3-T050=\":443\"; ma=2592000,h3-Q050=\":443\"; ma=2592000,h3-Q049=\":443\"; ma=2592000,h3-Q048=\":443\"; ma=2592000,h3-Q046=\":443\"; ma=2592000,h3-Q043=\":443\"; ma=2592000,quic=\":443\"; ma=2592000; v=\"46,43\"","accept-ranges":"none","transfer-encoding":"chunked"}
[debug] [2020-05-28T13:14:51.901Z] >>> HTTP REQUEST GET https://cloudfunctions.googleapis.com/v1/operations/Y3J5cHRvLXRyYWRpbmctYm90LThiMDljL3VzLWNlbnRyYWwxL2NsZWFudXAvWWV0clRyTXBOTTA  
 
[debug] [2020-05-28T13:14:51.903Z] >>> HTTP REQUEST GET https://cloudfunctions.googleapis.com/v1/operations/Y3J5cHRvLXRyYWRpbmctYm90LThiMDljL3VzLWNlbnRyYWwxL3RpY2svamVvbURwei1LRDA  
 
[debug] [2020-05-28T13:14:52.334Z] <<< HTTP RESPONSE 200 {"content-type":"application/json; charset=UTF-8","vary":"X-Origin, Referer, Origin,Accept-Encoding","date":"Thu, 28 May 2020 13:14:52 GMT","server":"ESF","cache-control":"private","x-xss-protection":"0","x-frame-options":"SAMEORIGIN","x-content-type-options":"nosniff","alt-svc":"h3-27=\":443\"; ma=2592000,h3-25=\":443\"; ma=2592000,h3-T050=\":443\"; ma=2592000,h3-Q050=\":443\"; ma=2592000,h3-Q049=\":443\"; ma=2592000,h3-Q048=\":443\"; ma=2592000,h3-Q046=\":443\"; ma=2592000,h3-Q043=\":443\"; ma=2592000,quic=\":443\"; ma=2592000; v=\"46,43\"","accept-ranges":"none","transfer-encoding":"chunked"}
[debug] [2020-05-28T13:14:52.338Z] <<< HTTP RESPONSE 200 {"content-type":"application/json; charset=UTF-8","vary":"X-Origin, Referer, Origin,Accept-Encoding","date":"Thu, 28 May 2020 13:14:52 GMT","server":"ESF","cache-control":"private","x-xss-protection":"0","x-frame-options":"SAMEORIGIN","x-content-type-options":"nosniff","alt-svc":"h3-27=\":443\"; ma=2592000,h3-25=\":443\"; ma=2592000,h3-T050=\":443\"; ma=2592000,h3-Q050=\":443\"; ma=2592000,h3-Q049=\":443\"; ma=2592000,h3-Q048=\":443\"; ma=2592000,h3-Q046=\":443\"; ma=2592000,h3-Q043=\":443\"; ma=2592000,quic=\":443\"; ma=2592000; v=\"46,43\"","accept-ranges":"none","transfer-encoding":"chunked"}
[debug] [2020-05-28T13:14:54.337Z] >>> HTTP REQUEST GET https://cloudfunctions.googleapis.com/v1/operations/Y3J5cHRvLXRyYWRpbmctYm90LThiMDljL3VzLWNlbnRyYWwxL2NsZWFudXAvWWV0clRyTXBOTTA  
 
[debug] [2020-05-28T13:14:54.340Z] >>> HTTP REQUEST GET https://cloudfunctions.googleapis.com/v1/operations/Y3J5cHRvLXRyYWRpbmctYm90LThiMDljL3VzLWNlbnRyYWwxL3RpY2svamVvbURwei1LRDA  
 
[debug] [2020-05-28T13:14:54.812Z] <<< HTTP RESPONSE 200 {"content-type":"application/json; charset=UTF-8","vary":"X-Origin, Referer, Origin,Accept-Encoding","date":"Thu, 28 May 2020 13:14:54 GMT","server":"ESF","cache-control":"private","x-xss-protection":"0","x-frame-options":"SAMEORIGIN","x-content-type-options":"nosniff","alt-svc":"h3-27=\":443\"; ma=2592000,h3-25=\":443\"; ma=2592000,h3-T050=\":443\"; ma=2592000,h3-Q050=\":443\"; ma=2592000,h3-Q049=\":443\"; ma=2592000,h3-Q048=\":443\"; ma=2592000,h3-Q046=\":443\"; ma=2592000,h3-Q043=\":443\"; ma=2592000,quic=\":443\"; ma=2592000; v=\"46,43\"","accept-ranges":"none","transfer-encoding":"chunked"}
[debug] [2020-05-28T13:14:54.814Z] <<< HTTP RESPONSE 200 {"content-type":"application/json; charset=UTF-8","vary":"X-Origin, Referer, Origin,Accept-Encoding","date":"Thu, 28 May 2020 13:14:54 GMT","server":"ESF","cache-control":"private","x-xss-protection":"0","x-frame-options":"SAMEORIGIN","x-content-type-options":"nosniff","alt-svc":"h3-27=\":443\"; ma=2592000,h3-25=\":443\"; ma=2592000,h3-T050=\":443\"; ma=2592000,h3-Q050=\":443\"; ma=2592000,h3-Q049=\":443\"; ma=2592000,h3-Q048=\":443\"; ma=2592000,h3-Q046=\":443\"; ma=2592000,h3-Q043=\":443\"; ma=2592000,quic=\":443\"; ma=2592000; v=\"46,43\"","accept-ranges":"none","transfer-encoding":"chunked"}
[debug] [2020-05-28T13:14:56.814Z] >>> HTTP REQUEST GET https://cloudfunctions.googleapis.com/v1/operations/Y3J5cHRvLXRyYWRpbmctYm90LThiMDljL3VzLWNlbnRyYWwxL2NsZWFudXAvWWV0clRyTXBOTTA  
 
[debug] [2020-05-28T13:14:56.815Z] >>> HTTP REQUEST GET https://cloudfunctions.googleapis.com/v1/operations/Y3J5cHRvLXRyYWRpbmctYm90LThiMDljL3VzLWNlbnRyYWwxL3RpY2svamVvbURwei1LRDA  
 
[debug] [2020-05-28T13:14:57.372Z] <<< HTTP RESPONSE 200 {"content-type":"application/json; charset=UTF-8","vary":"X-Origin, Referer, Origin,Accept-Encoding","date":"Thu, 28 May 2020 13:14:57 GMT","server":"ESF","cache-control":"private","x-xss-protection":"0","x-frame-options":"SAMEORIGIN","x-content-type-options":"nosniff","alt-svc":"h3-27=\":443\"; ma=2592000,h3-25=\":443\"; ma=2592000,h3-T050=\":443\"; ma=2592000,h3-Q050=\":443\"; ma=2592000,h3-Q049=\":443\"; ma=2592000,h3-Q048=\":443\"; ma=2592000,h3-Q046=\":443\"; ma=2592000,h3-Q043=\":443\"; ma=2592000,quic=\":443\"; ma=2592000; v=\"46,43\"","accept-ranges":"none","transfer-encoding":"chunked"}
[debug] [2020-05-28T13:14:57.373Z] <<< HTTP RESPONSE 200 {"content-type":"application/json; charset=UTF-8","vary":"X-Origin, Referer, Origin,Accept-Encoding","date":"Thu, 28 May 2020 13:14:57 GMT","server":"ESF","cache-control":"private","x-xss-protection":"0","x-frame-options":"SAMEORIGIN","x-content-type-options":"nosniff","alt-svc":"h3-27=\":443\"; ma=2592000,h3-25=\":443\"; ma=2592000,h3-T050=\":443\"; ma=2592000,h3-Q050=\":443\"; ma=2592000,h3-Q049=\":443\"; ma=2592000,h3-Q048=\":443\"; ma=2592000,h3-Q046=\":443\"; ma=2592000,h3-Q043=\":443\"; ma=2592000,quic=\":443\"; ma=2592000; v=\"46,43\"","accept-ranges":"none","transfer-encoding":"chunked"}
